<?xml version="1.0" encoding="UTF-8"?>
<testsuite name="com.ssun.cardquiz.springboot.web.IndexControllerTest" tests="1" skipped="0" failures="0" errors="0" timestamp="2020-05-07T06:09:11" hostname="ssundventure" time="1.725">
  <properties/>
  <testcase name="메인페이지_로딩" classname="com.ssun.cardquiz.springboot.web.IndexControllerTest" time="1.725"/>
  <system-out><![CDATA[15:08:34.270 [Test worker] DEBUG org.springframework.test.context.junit4.SpringJUnit4ClassRunner - SpringJUnit4ClassRunner constructor called with [class com.ssun.cardquiz.springboot.web.IndexControllerTest]
15:08:34.300 [Test worker] DEBUG org.springframework.test.context.BootstrapUtils - Instantiating CacheAwareContextLoaderDelegate from class [org.springframework.test.context.cache.DefaultCacheAwareContextLoaderDelegate]
15:08:34.344 [Test worker] DEBUG org.springframework.test.context.BootstrapUtils - Instantiating BootstrapContext using constructor [public org.springframework.test.context.support.DefaultBootstrapContext(java.lang.Class,org.springframework.test.context.CacheAwareContextLoaderDelegate)]
15:08:34.412 [Test worker] DEBUG org.springframework.test.context.BootstrapUtils - Instantiating TestContextBootstrapper for test class [com.ssun.cardquiz.springboot.web.IndexControllerTest] from class [org.springframework.boot.test.context.SpringBootTestContextBootstrapper]
15:08:34.511 [Test worker] INFO org.springframework.boot.test.context.SpringBootTestContextBootstrapper - Neither @ContextConfiguration nor @ContextHierarchy found for test class [com.ssun.cardquiz.springboot.web.IndexControllerTest], using SpringBootContextLoader
15:08:34.523 [Test worker] DEBUG org.springframework.test.context.support.AbstractContextLoader - Did not detect default resource location for test class [com.ssun.cardquiz.springboot.web.IndexControllerTest]: class path resource [com/ssun/cardquiz/springboot/web/IndexControllerTest-context.xml] does not exist
15:08:34.525 [Test worker] DEBUG org.springframework.test.context.support.AbstractContextLoader - Did not detect default resource location for test class [com.ssun.cardquiz.springboot.web.IndexControllerTest]: class path resource [com/ssun/cardquiz/springboot/web/IndexControllerTestContext.groovy] does not exist
15:08:34.528 [Test worker] INFO org.springframework.test.context.support.AbstractContextLoader - Could not detect default resource locations for test class [com.ssun.cardquiz.springboot.web.IndexControllerTest]: no resource found for suffixes {-context.xml, Context.groovy}.
15:08:34.533 [Test worker] INFO org.springframework.test.context.support.AnnotationConfigContextLoaderUtils - Could not detect default configuration classes for test class [com.ssun.cardquiz.springboot.web.IndexControllerTest]: IndexControllerTest does not declare any static, non-private, non-final, nested classes annotated with @Configuration.
15:08:34.761 [Test worker] DEBUG org.springframework.test.context.support.ActiveProfilesUtils - Could not find an 'annotation declaring class' for annotation type [org.springframework.test.context.ActiveProfiles] and class [com.ssun.cardquiz.springboot.web.IndexControllerTest]
15:08:35.155 [Test worker] DEBUG org.springframework.context.annotation.ClassPathScanningCandidateComponentProvider - Identified candidate component class: file [C:\Users\lalal\IdeaProjects\cardQuiz\build\classes\java\main\com\ssun\cardquiz\springboot\Application.class]
15:08:35.161 [Test worker] INFO org.springframework.boot.test.context.SpringBootTestContextBootstrapper - Found @SpringBootConfiguration com.ssun.cardquiz.springboot.Application for test class com.ssun.cardquiz.springboot.web.IndexControllerTest
15:08:35.566 [Test worker] DEBUG org.springframework.boot.test.context.SpringBootTestContextBootstrapper - @TestExecutionListeners is not present for class [com.ssun.cardquiz.springboot.web.IndexControllerTest]: using defaults.
15:08:35.570 [Test worker] INFO org.springframework.boot.test.context.SpringBootTestContextBootstrapper - Loaded default TestExecutionListener class names from location [META-INF/spring.factories]: [org.springframework.boot.test.autoconfigure.restdocs.RestDocsTestExecutionListener, org.springframework.boot.test.autoconfigure.web.client.MockRestServiceServerResetTestExecutionListener, org.springframework.boot.test.autoconfigure.web.servlet.MockMvcPrintOnlyOnFailureTestExecutionListener, org.springframework.boot.test.autoconfigure.web.servlet.WebDriverTestExecutionListener, org.springframework.boot.test.mock.mockito.MockitoTestExecutionListener, org.springframework.boot.test.mock.mockito.ResetMocksTestExecutionListener, org.springframework.test.context.web.ServletTestExecutionListener, org.springframework.test.context.support.DirtiesContextBeforeModesTestExecutionListener, org.springframework.test.context.support.DependencyInjectionTestExecutionListener, org.springframework.test.context.support.DirtiesContextTestExecutionListener, org.springframework.test.context.transaction.TransactionalTestExecutionListener, org.springframework.test.context.jdbc.SqlScriptsTestExecutionListener]
15:08:35.654 [Test worker] INFO org.springframework.boot.test.context.SpringBootTestContextBootstrapper - Using TestExecutionListeners: [org.springframework.test.context.web.ServletTestExecutionListener@d6dc1c8, org.springframework.test.context.support.DirtiesContextBeforeModesTestExecutionListener@7279d07f, org.springframework.boot.test.mock.mockito.MockitoTestExecutionListener@7eab1920, org.springframework.boot.test.autoconfigure.SpringBootDependencyInjectionTestExecutionListener@592c2914, org.springframework.test.context.support.DirtiesContextTestExecutionListener@3a2cd078, org.springframework.test.context.transaction.TransactionalTestExecutionListener@6ea156a, org.springframework.test.context.jdbc.SqlScriptsTestExecutionListener@202e7e8e, org.springframework.boot.test.autoconfigure.restdocs.RestDocsTestExecutionListener@18f29716, org.springframework.boot.test.autoconfigure.web.client.MockRestServiceServerResetTestExecutionListener@44813b60, org.springframework.boot.test.autoconfigure.web.servlet.MockMvcPrintOnlyOnFailureTestExecutionListener@121637df, org.springframework.boot.test.autoconfigure.web.servlet.WebDriverTestExecutionListener@419ff11d, org.springframework.boot.test.mock.mockito.ResetMocksTestExecutionListener@4dd9841f]
15:08:35.683 [Test worker] DEBUG org.springframework.test.annotation.ProfileValueUtils - Retrieved @ProfileValueSourceConfiguration [null] for test class [com.ssun.cardquiz.springboot.web.IndexControllerTest]
15:08:35.693 [Test worker] DEBUG org.springframework.test.annotation.ProfileValueUtils - Retrieved ProfileValueSource type [class org.springframework.test.annotation.SystemProfileValueSource] for class [com.ssun.cardquiz.springboot.web.IndexControllerTest]
15:08:35.708 [Test worker] DEBUG org.springframework.test.annotation.ProfileValueUtils - Retrieved @ProfileValueSourceConfiguration [null] for test class [com.ssun.cardquiz.springboot.web.IndexControllerTest]
15:08:35.708 [Test worker] DEBUG org.springframework.test.annotation.ProfileValueUtils - Retrieved ProfileValueSource type [class org.springframework.test.annotation.SystemProfileValueSource] for class [com.ssun.cardquiz.springboot.web.IndexControllerTest]
15:08:35.710 [Test worker] DEBUG org.springframework.test.annotation.ProfileValueUtils - Retrieved @ProfileValueSourceConfiguration [null] for test class [com.ssun.cardquiz.springboot.web.IndexControllerTest]
15:08:35.711 [Test worker] DEBUG org.springframework.test.annotation.ProfileValueUtils - Retrieved ProfileValueSource type [class org.springframework.test.annotation.SystemProfileValueSource] for class [com.ssun.cardquiz.springboot.web.IndexControllerTest]
15:08:35.732 [Test worker] DEBUG org.springframework.test.context.support.AbstractDirtiesContextTestExecutionListener - Before test class: context [DefaultTestContext@615d8a96 testClass = IndexControllerTest, testInstance = [null], testMethod = [null], testException = [null], mergedContextConfiguration = [WebMergedContextConfiguration@6a5f0b3e testClass = IndexControllerTest, locations = '{}', classes = '{class com.ssun.cardquiz.springboot.Application}', contextInitializerClasses = '[]', activeProfiles = '{}', propertySourceLocations = '{}', propertySourceProperties = '{org.springframework.boot.test.context.SpringBootTestContextBootstrapper=true, server.port=0}', contextCustomizers = set[org.springframework.boot.test.autoconfigure.properties.PropertyMappingContextCustomizer@0, org.springframework.boot.test.autoconfigure.web.servlet.WebDriverContextCustomizerFactory$Customizer@6a43f166, org.springframework.boot.test.context.filter.ExcludeFilterContextCustomizer@942a946, org.springframework.boot.test.json.DuplicateJsonObjectContextCustomizerFactory$DuplicateJsonObjectContextCustomizer@5253b055, org.springframework.boot.test.mock.mockito.MockitoContextCustomizer@0, org.springframework.boot.test.web.client.TestRestTemplateContextCustomizer@7453b8b2], resourceBasePath = 'src/main/webapp', contextLoader = 'org.springframework.boot.test.context.SpringBootContextLoader', parent = [null]], attributes = map['org.springframework.test.context.web.ServletTestExecutionListener.activateListener' -> false]], class annotated with @DirtiesContext [false] with mode [null].
15:08:35.735 [Test worker] DEBUG org.springframework.test.annotation.ProfileValueUtils - Retrieved @ProfileValueSourceConfiguration [null] for test class [com.ssun.cardquiz.springboot.web.IndexControllerTest]
15:08:35.736 [Test worker] DEBUG org.springframework.test.annotation.ProfileValueUtils - Retrieved ProfileValueSource type [class org.springframework.test.annotation.SystemProfileValueSource] for class [com.ssun.cardquiz.springboot.web.IndexControllerTest]
15:08:35.754 [Test worker] DEBUG org.springframework.test.context.support.DependencyInjectionTestExecutionListener - Performing dependency injection for test context [[DefaultTestContext@615d8a96 testClass = IndexControllerTest, testInstance = com.ssun.cardquiz.springboot.web.IndexControllerTest@2e5f34c2, testMethod = [null], testException = [null], mergedContextConfiguration = [WebMergedContextConfiguration@6a5f0b3e testClass = IndexControllerTest, locations = '{}', classes = '{class com.ssun.cardquiz.springboot.Application}', contextInitializerClasses = '[]', activeProfiles = '{}', propertySourceLocations = '{}', propertySourceProperties = '{org.springframework.boot.test.context.SpringBootTestContextBootstrapper=true, server.port=0}', contextCustomizers = set[org.springframework.boot.test.autoconfigure.properties.PropertyMappingContextCustomizer@0, org.springframework.boot.test.autoconfigure.web.servlet.WebDriverContextCustomizerFactory$Customizer@6a43f166, org.springframework.boot.test.context.filter.ExcludeFilterContextCustomizer@942a946, org.springframework.boot.test.json.DuplicateJsonObjectContextCustomizerFactory$DuplicateJsonObjectContextCustomizer@5253b055, org.springframework.boot.test.mock.mockito.MockitoContextCustomizer@0, org.springframework.boot.test.web.client.TestRestTemplateContextCustomizer@7453b8b2], resourceBasePath = 'src/main/webapp', contextLoader = 'org.springframework.boot.test.context.SpringBootContextLoader', parent = [null]], attributes = map['org.springframework.test.context.web.ServletTestExecutionListener.activateListener' -> false]]].
15:08:35.920 [Test worker] DEBUG org.springframework.test.context.support.TestPropertySourceUtils - Adding inlined properties to environment: {spring.jmx.enabled=false, org.springframework.boot.test.context.SpringBootTestContextBootstrapper=true, server.port=0}

  .   ____          _            __ _ _
 /\\ / ___'_ __ _ _(_)_ __  __ _ \ \ \ \
( ( )\___ | '_ | '_| | '_ \/ _` | \ \ \ \
 \\/  ___)| |_)| | | | | || (_| |  ) ) ) )
  '  |____| .__|_| |_|_| |_\__, | / / / /
 =========|_|==============|___/=/_/_/_/
 :: Spring Boot ::        (v2.1.7.RELEASE)

2020-05-07 15:08:37.566  INFO 9612 --- [    Test worker] c.s.c.s.web.IndexControllerTest          : Starting IndexControllerTest on ssundventure with PID 9612 (started by Ssun_0 in C:\Users\lalal\IdeaProjects\cardQuiz)
2020-05-07 15:08:37.577  INFO 9612 --- [    Test worker] c.s.c.s.web.IndexControllerTest          : No active profile set, falling back to default profiles: default
2020-05-07 15:08:42.372  INFO 9612 --- [    Test worker] .s.d.r.c.RepositoryConfigurationDelegate : Bootstrapping Spring Data repositories in DEFAULT mode.
2020-05-07 15:08:43.311  INFO 9612 --- [    Test worker] .s.d.r.c.RepositoryConfigurationDelegate : Finished Spring Data repository scanning in 897ms. Found 1 repository interfaces.
2020-05-07 15:08:47.011  INFO 9612 --- [    Test worker] trationDelegate$BeanPostProcessorChecker : Bean 'org.springframework.transaction.annotation.ProxyTransactionManagementConfiguration' of type [org.springframework.transaction.annotation.ProxyTransactionManagementConfiguration$$EnhancerBySpringCGLIB$$28af73f2] is not eligible for getting processed by all BeanPostProcessors (for example: not eligible for auto-proxying)
2020-05-07 15:08:50.342  INFO 9612 --- [    Test worker] o.s.b.w.embedded.tomcat.TomcatWebServer  : Tomcat initialized with port(s): 0 (http)
2020-05-07 15:08:50.481  INFO 9612 --- [    Test worker] o.apache.catalina.core.StandardService   : Starting service [Tomcat]
2020-05-07 15:08:50.482  INFO 9612 --- [    Test worker] org.apache.catalina.core.StandardEngine  : Starting Servlet engine: [Apache Tomcat/9.0.22]
2020-05-07 15:08:51.025  INFO 9612 --- [    Test worker] o.a.c.c.C.[Tomcat].[localhost].[/]       : Initializing Spring embedded WebApplicationContext
2020-05-07 15:08:51.026  INFO 9612 --- [    Test worker] o.s.web.context.ContextLoader            : Root WebApplicationContext: initialization completed in 13215 ms
2020-05-07 15:08:52.276  INFO 9612 --- [    Test worker] com.zaxxer.hikari.HikariDataSource       : HikariPool-1 - Starting...
2020-05-07 15:08:53.126  INFO 9612 --- [    Test worker] com.zaxxer.hikari.HikariDataSource       : HikariPool-1 - Start completed.
2020-05-07 15:08:53.825  INFO 9612 --- [    Test worker] o.hibernate.jpa.internal.util.LogHelper  : HHH000204: Processing PersistenceUnitInfo [
	name: default
	...]
2020-05-07 15:08:54.337  INFO 9612 --- [    Test worker] org.hibernate.Version                    : HHH000412: Hibernate Core {5.3.10.Final}
2020-05-07 15:08:54.358  INFO 9612 --- [    Test worker] org.hibernate.cfg.Environment            : HHH000206: hibernate.properties not found
2020-05-07 15:08:55.237  INFO 9612 --- [    Test worker] o.hibernate.annotations.common.Version   : HCANN000001: Hibernate Commons Annotations {5.0.4.Final}
2020-05-07 15:08:56.282  INFO 9612 --- [    Test worker] org.hibernate.dialect.Dialect            : HHH000400: Using dialect: org.hibernate.dialect.MySQL5InnoDBDialect
Hibernate: drop table if exists posts
Hibernate: create table posts (id bigint not null auto_increment, created_date datetime, modified_date datetime, author varchar(255), content TEXT not null, title varchar(500) not null, primary key (id)) engine=InnoDB
2020-05-07 15:08:59.437  INFO 9612 --- [    Test worker] o.h.t.schema.internal.SchemaCreatorImpl  : HHH000476: Executing import script 'org.hibernate.tool.schema.internal.exec.ScriptSourceInputNonExistentImpl@56a3b3b2'
2020-05-07 15:08:59.454  INFO 9612 --- [    Test worker] j.LocalContainerEntityManagerFactoryBean : Initialized JPA EntityManagerFactory for persistence unit 'default'
2020-05-07 15:09:07.531  INFO 9612 --- [    Test worker] o.s.s.concurrent.ThreadPoolTaskExecutor  : Initializing ExecutorService 'applicationTaskExecutor'
2020-05-07 15:09:08.351  WARN 9612 --- [    Test worker] aWebConfiguration$JpaWebMvcConfiguration : spring.jpa.open-in-view is enabled by default. Therefore, database queries may be performed during view rendering. Explicitly configure spring.jpa.open-in-view to disable this warning
2020-05-07 15:09:08.842  INFO 9612 --- [    Test worker] o.s.b.a.w.s.WelcomePageHandlerMapping    : Adding welcome page template: index
2020-05-07 15:09:11.533  INFO 9612 --- [    Test worker] o.s.b.w.embedded.tomcat.TomcatWebServer  : Tomcat started on port(s): 55932 (http) with context path ''
2020-05-07 15:09:11.548  INFO 9612 --- [    Test worker] c.s.c.s.web.IndexControllerTest          : Started IndexControllerTest in 35.622 seconds (JVM running for 41.329)
2020-05-07 15:09:12.631  INFO 9612 --- [o-auto-1-exec-1] o.a.c.c.C.[Tomcat].[localhost].[/]       : Initializing Spring DispatcherServlet 'dispatcherServlet'
2020-05-07 15:09:12.631  INFO 9612 --- [o-auto-1-exec-1] o.s.web.servlet.DispatcherServlet        : Initializing Servlet 'dispatcherServlet'
2020-05-07 15:09:12.781  INFO 9612 --- [o-auto-1-exec-1] o.s.web.servlet.DispatcherServlet        : Completed initialization in 150 ms
]]></system-out>
  <system-err><![CDATA[]]></system-err>
</testsuite>
